[INFO] Scanning for projects...
[INFO] 
[INFO] -------------------< codesync.com.example:codesync >--------------------
[INFO] Building codesync 0.0.1-SNAPSHOT
[INFO]   from pom.xml
[INFO] --------------------------------[ jar ]---------------------------------
[INFO] 
[INFO] --- clean:3.4.1:clean (default-clean) @ codesync ---
[INFO] Deleting C:\helloworld\codesync\target
[INFO] 
[INFO] --- resources:3.3.1:resources (default-resources) @ codesync ---
[INFO] Copying 1 resource from src\main\resources to target\classes
[INFO] Copying 0 resource from src\main\resources to target\classes
[INFO] 
[INFO] --- compiler:3.14.1:compile (default-compile) @ codesync ---
[INFO] Recompiling the module because of changed source code.
[INFO] Compiling 8 source files with javac [debug parameters release 21] to target\classes
[INFO] /C:/helloworld/codesync/src/main/java/codesync/com/example/codesync/websocket/EditorSocketController.java: C:\helloworld\codesync\src\main\java\codesync\com\example\codesync\websocket\EditorSocketController.java uses unchecked or unsafe operations.
[INFO] /C:/helloworld/codesync/src/main/java/codesync/com/example/codesync/websocket/EditorSocketController.java: Recompile with -Xlint:unchecked for details.
[INFO] ------------------------------------------------------------------------
[INFO] BUILD SUCCESS
[INFO] ------------------------------------------------------------------------
[INFO] Total time:  9.907 s
[INFO] Finished at: 2026-01-19T10:32:12+05:30
[INFO] ------------------------------------------------------------------------
